2025-10-31 02:41:23,880 - INFO - Using GPU device 0: NVIDIA A40
2025-10-31 02:41:23,881 - INFO - GPU Memory Allocated: 0.00 MB
2025-10-31 02:41:23,881 - INFO - GPU Memory Reserved: 0.00 MB
2025-10-31 02:51:57,002 - INFO - Using GPU device 0: NVIDIA A40
2025-10-31 02:51:57,003 - INFO - GPU Memory Allocated: 0.00 MB
2025-10-31 02:51:57,003 - INFO - GPU Memory Reserved: 0.00 MB
2025-10-31 03:02:04,939 - INFO - Using GPU device 0: NVIDIA A40
2025-10-31 03:02:04,939 - INFO - GPU Total Memory: 44.42 GB
2025-10-31 03:02:04,940 - INFO - GPU Memory Allocated: 0.00 MB
2025-10-31 03:02:04,940 - INFO - GPU Memory Reserved: 0.00 MB
2025-10-31 03:02:49,345 - INFO - [After loading text encoder] GPU Memory - Allocated: 0.00 GB, Reserved: 0.00 GB, Free: 44.42 GB
2025-10-31 03:02:49,822 - INFO - [After loading VAE] GPU Memory - Allocated: 0.00 GB, Reserved: 0.00 GB, Free: 44.42 GB
2025-10-31 03:03:21,628 - INFO - [After loading transformer] GPU Memory - Allocated: 0.00 GB, Reserved: 0.00 GB, Free: 44.42 GB
2025-10-31 03:03:22,708 - INFO - [After initializing pipeline] GPU Memory - Allocated: 0.00 GB, Reserved: 0.00 GB, Free: 44.42 GB
2025-10-31 03:03:22,708 - INFO - Model initialization completed in 77.81 seconds
2025-10-31 03:03:22,708 - INFO - Starting video generation for prompt: results/1000_transcription.json...
2025-10-31 03:03:22,708 - INFO - [Before inference] GPU Memory - Allocated: 0.00 GB, Reserved: 0.00 GB, Free: 44.42 GB
2025-10-31 03:03:22,719 - WARNING - pynvml not available, GPU utilization monitoring disabled
2025-10-31 03:06:20,470 - INFO - Using GPU device 0: NVIDIA A40
2025-10-31 03:06:20,470 - INFO - GPU Total Memory: 44.42 GB
2025-10-31 03:06:20,470 - INFO - GPU Memory Allocated: 0.00 MB
2025-10-31 03:06:20,470 - INFO - GPU Memory Reserved: 0.00 MB
2025-10-31 03:06:56,508 - INFO - [After loading text encoder] GPU Memory - Allocated: 10.58 GB, Reserved: 10.58 GB, Free: 33.84 GB
2025-10-31 03:06:59,357 - INFO - [After loading VAE] GPU Memory - Allocated: 11.08 GB, Reserved: 11.08 GB, Free: 33.35 GB
2025-10-31 03:07:28,798 - INFO - [After loading transformer] GPU Memory - Allocated: 13.73 GB, Reserved: 13.96 GB, Free: 30.69 GB
2025-10-31 03:07:29,772 - INFO - [After initializing pipeline] GPU Memory - Allocated: 13.73 GB, Reserved: 13.96 GB, Free: 30.69 GB
2025-10-31 03:07:29,772 - INFO - Model initialization completed in 69.38 seconds
2025-10-31 03:07:29,772 - INFO - Starting video generation for prompt: results/1000_transcription.json...
2025-10-31 03:07:29,772 - INFO - [Before inference] GPU Memory - Allocated: 13.73 GB, Reserved: 13.96 GB, Free: 30.69 GB
2025-10-31 03:07:29,773 - WARNING - pynvml not available, GPU utilization monitoring disabled
2025-10-31 03:13:38,533 - INFO - [After inference] GPU Memory - Allocated: 13.76 GB, Reserved: 24.89 GB, Free: 30.66 GB
2025-10-31 03:13:38,541 - WARNING - pynvml not available, GPU utilization monitoring disabled
2025-10-31 03:13:38,542 - INFO - Video generation completed in 368.76 seconds
2025-10-31 03:18:55,997 - INFO - Using GPU device 0: NVIDIA A40
2025-10-31 03:18:55,998 - INFO - GPU Total Memory: 44.42 GB
2025-10-31 03:18:55,998 - INFO - GPU Memory Allocated: 0.00 MB
2025-10-31 03:18:55,998 - INFO - GPU Memory Reserved: 0.00 MB
2025-10-31 03:19:53,497 - INFO - [After loading text encoder] GPU Memory - Allocated: 10.58 GB, Reserved: 10.58 GB, Free: 33.84 GB
2025-10-31 03:19:55,712 - INFO - [After loading VAE] GPU Memory - Allocated: 11.08 GB, Reserved: 11.08 GB, Free: 33.35 GB
2025-10-31 03:20:31,823 - INFO - [After loading transformer] GPU Memory - Allocated: 13.73 GB, Reserved: 13.96 GB, Free: 30.69 GB
2025-10-31 03:20:32,885 - INFO - [After initializing pipeline] GPU Memory - Allocated: 13.73 GB, Reserved: 13.96 GB, Free: 30.69 GB
2025-10-31 03:20:32,885 - INFO - Model initialization completed in 96.99 seconds
2025-10-31 03:20:32,885 - INFO - Starting video generation for prompt: results/1000_transcription.json...
2025-10-31 03:20:32,886 - INFO - [Before inference] GPU Memory - Allocated: 13.73 GB, Reserved: 13.96 GB, Free: 30.69 GB
2025-10-31 03:20:32,890 - WARNING - pynvml not available, GPU utilization monitoring disabled
2025-10-31 03:26:42,621 - INFO - [After inference] GPU Memory - Allocated: 13.76 GB, Reserved: 24.89 GB, Free: 30.66 GB
2025-10-31 03:26:42,624 - WARNING - pynvml not available, GPU utilization monitoring disabled
2025-10-31 03:26:42,624 - INFO - Video generation completed in 369.73 seconds
2025-10-31 03:52:09,874 - INFO - Using GPU device 0: NVIDIA A40
2025-10-31 03:52:09,875 - INFO - GPU Total Memory: 44.42 GB
2025-10-31 03:52:09,875 - INFO - GPU Memory Allocated: 0.00 MB
2025-10-31 03:52:09,875 - INFO - GPU Memory Reserved: 0.00 MB
2025-10-31 03:53:18,353 - INFO - [After loading text encoder] GPU Memory - Allocated: 10.58 GB, Reserved: 10.58 GB, Free: 33.84 GB
2025-10-31 03:53:21,374 - INFO - [After loading VAE] GPU Memory - Allocated: 11.08 GB, Reserved: 11.08 GB, Free: 33.35 GB
2025-10-31 03:54:00,751 - INFO - [After loading transformer] GPU Memory - Allocated: 13.73 GB, Reserved: 13.96 GB, Free: 30.69 GB
2025-10-31 03:54:01,705 - INFO - [After initializing pipeline] GPU Memory - Allocated: 13.73 GB, Reserved: 13.96 GB, Free: 30.69 GB
2025-10-31 03:54:01,706 - INFO - Model initialization completed in 111.86 seconds
2025-10-31 03:54:01,706 - INFO - Starting video generation for prompt: 韩兄,你难道击杀了那头薛灵?荆族女子深吸了一口气,缓缓问道,归星男子也目光阴沉望着韩丽,有些惊疑不定。怎么,在下击杀这东西,让二位倒有这么难以置信吗?当然不是,只是韩兄神通未免太大,这么快就击杀此物,...
2025-10-31 03:54:01,707 - INFO - [Before inference] GPU Memory - Allocated: 13.73 GB, Reserved: 13.96 GB, Free: 30.69 GB
2025-10-31 03:54:01,707 - WARNING - pynvml not available, GPU utilization monitoring disabled
2025-10-31 03:55:01,172 - INFO - [After inference] GPU Memory - Allocated: 13.74 GB, Reserved: 24.42 GB, Free: 30.68 GB
2025-10-31 03:55:01,180 - WARNING - pynvml not available, GPU utilization monitoring disabled
2025-10-31 03:55:01,180 - INFO - Video generation completed in 59.46 seconds
2025-10-31 03:55:01,180 - INFO - Output type: <class 'numpy.ndarray'>
2025-10-31 03:55:01,180 - INFO - Passing video_frames type: <class 'numpy.ndarray'> to export_to_video
2025-10-31 04:01:12,540 - INFO - Using GPU device 0: NVIDIA A40
2025-10-31 04:01:12,540 - INFO - GPU Total Memory: 44.42 GB
2025-10-31 04:01:12,540 - INFO - GPU Memory Allocated: 0.00 MB
2025-10-31 04:01:12,540 - INFO - GPU Memory Reserved: 0.00 MB
2025-10-31 04:01:20,814 - INFO - [After loading text encoder] GPU Memory - Allocated: 10.58 GB, Reserved: 10.58 GB, Free: 33.84 GB
2025-10-31 04:01:21,423 - INFO - [After loading VAE] GPU Memory - Allocated: 11.08 GB, Reserved: 11.08 GB, Free: 33.35 GB
2025-10-31 04:01:24,635 - INFO - [After loading transformer] GPU Memory - Allocated: 13.73 GB, Reserved: 13.96 GB, Free: 30.69 GB
2025-10-31 04:01:25,367 - INFO - [After initializing pipeline] GPU Memory - Allocated: 13.73 GB, Reserved: 13.96 GB, Free: 30.69 GB
2025-10-31 04:01:25,368 - INFO - Model initialization completed in 12.86 seconds
2025-10-31 04:01:25,368 - INFO - Starting video generation for prompt: 韩兄,你难道击杀了那头薛灵?荆族女子深吸了一口气,缓缓问道,归星男子也目光阴沉望着韩丽,有些惊疑不定。怎么,在下击杀这东西,让二位倒有这么难以置信吗?当然不是,只是韩兄神通未免太大,这么快就击杀此物,...
2025-10-31 04:01:25,369 - INFO - [Before inference] GPU Memory - Allocated: 13.73 GB, Reserved: 13.96 GB, Free: 30.69 GB
2025-10-31 04:01:25,369 - WARNING - pynvml not available, GPU utilization monitoring disabled
2025-10-31 04:02:20,929 - INFO - [After inference] GPU Memory - Allocated: 13.74 GB, Reserved: 24.42 GB, Free: 30.68 GB
2025-10-31 04:02:20,933 - WARNING - pynvml not available, GPU utilization monitoring disabled
2025-10-31 04:02:20,933 - INFO - Video generation completed in 55.56 seconds
2025-10-31 04:02:20,933 - INFO - Output type: <class 'numpy.ndarray'>
2025-10-31 04:02:20,933 - INFO - Output shape: (1, 17, 480, 832, 3), dtype: float32
2025-10-31 08:06:47,236 - INFO - Using GPU device 0: NVIDIA A40
2025-10-31 08:06:47,236 - INFO - GPU Total Memory: 44.42 GB
2025-10-31 08:06:47,236 - INFO - GPU Memory Allocated: 0.00 MB
2025-10-31 08:06:47,237 - INFO - GPU Memory Reserved: 0.00 MB
2025-10-31 08:07:50,671 - INFO - [After loading text encoder] GPU Memory - Allocated: 10.58 GB, Reserved: 10.58 GB, Free: 33.84 GB
2025-10-31 08:07:53,181 - INFO - [After loading VAE] GPU Memory - Allocated: 11.08 GB, Reserved: 11.08 GB, Free: 33.35 GB
2025-10-31 08:08:32,664 - INFO - [After loading transformer] GPU Memory - Allocated: 13.73 GB, Reserved: 13.96 GB, Free: 30.69 GB
2025-10-31 08:08:33,536 - INFO - [After initializing pipeline] GPU Memory - Allocated: 13.73 GB, Reserved: 13.96 GB, Free: 30.69 GB
2025-10-31 08:08:33,536 - INFO - Model initialization completed in 106.58 seconds
2025-10-31 08:08:33,537 - INFO - Starting video generation for prompt: 韩兄,你难道击杀了那头薛灵?荆族女子深吸了一口气,缓缓问道,归星男子也目光阴沉望着韩丽,有些惊疑不定。怎么,在下击杀这东西,让二位倒有这么难以置信吗?当然不是,只是韩兄神通未免太大,这么快就击杀此物,...
2025-10-31 08:08:33,537 - INFO - [Before inference] GPU Memory - Allocated: 13.73 GB, Reserved: 13.96 GB, Free: 30.69 GB
2025-10-31 08:08:33,537 - WARNING - pynvml not available, GPU utilization monitoring disabled
2025-10-31 08:09:32,715 - INFO - [After inference] GPU Memory - Allocated: 13.74 GB, Reserved: 24.42 GB, Free: 30.68 GB
2025-10-31 08:09:32,719 - WARNING - pynvml not available, GPU utilization monitoring disabled
2025-10-31 08:09:32,720 - INFO - Video generation completed in 59.18 seconds
2025-10-31 08:09:32,720 - INFO - Output type: <class 'numpy.ndarray'>
2025-10-31 08:09:32,720 - INFO - Output shape: (1, 17, 480, 832, 3), dtype: float32
2025-10-31 08:14:59,157 - INFO - Using GPU device 0: NVIDIA A40
2025-10-31 08:14:59,157 - INFO - GPU Total Memory: 44.42 GB
2025-10-31 08:14:59,157 - INFO - GPU Memory Allocated: 0.00 MB
2025-10-31 08:14:59,157 - INFO - GPU Memory Reserved: 0.00 MB
2025-10-31 08:15:59,452 - INFO - [After loading text encoder] GPU Memory - Allocated: 10.58 GB, Reserved: 10.58 GB, Free: 33.84 GB
2025-10-31 08:16:02,357 - INFO - [After loading VAE] GPU Memory - Allocated: 11.08 GB, Reserved: 11.08 GB, Free: 33.35 GB
2025-10-31 08:16:38,028 - INFO - [After loading transformer] GPU Memory - Allocated: 13.73 GB, Reserved: 13.96 GB, Free: 30.69 GB
2025-10-31 08:16:38,911 - INFO - [After initializing pipeline] GPU Memory - Allocated: 13.73 GB, Reserved: 13.96 GB, Free: 30.69 GB
2025-10-31 08:16:38,911 - INFO - Model initialization completed in 99.85 seconds
2025-10-31 08:16:38,912 - INFO - Starting video generation for prompt: 韩兄,你难道击杀了那头薛灵?荆族女子深吸了一口气,缓缓问道,归星男子也目光阴沉望着韩丽,有些惊疑不定。怎么,在下击杀这东西,让二位倒有这么难以置信吗?当然不是,只是韩兄神通未免太大,这么快就击杀此物,...
2025-10-31 08:16:38,912 - INFO - [Before inference] GPU Memory - Allocated: 13.73 GB, Reserved: 13.96 GB, Free: 30.69 GB
2025-10-31 08:16:38,913 - WARNING - pynvml not available, GPU utilization monitoring disabled
2025-10-31 08:17:37,218 - INFO - [After inference] GPU Memory - Allocated: 13.74 GB, Reserved: 24.42 GB, Free: 30.68 GB
2025-10-31 08:17:37,222 - WARNING - pynvml not available, GPU utilization monitoring disabled
2025-10-31 08:17:37,222 - INFO - Video generation completed in 58.31 seconds
2025-10-31 08:17:37,222 - INFO - Output type: <class 'numpy.ndarray'>
2025-10-31 08:17:37,222 - INFO - Output shape: (1, 17, 480, 832, 3), dtype: float32
2025-10-31 08:17:38,180 - INFO - ============================================================
2025-10-31 08:17:38,180 - INFO - MODEL USAGE STATISTICS
2025-10-31 08:17:38,180 - INFO - Stats: {'initialization_time': 99.84715151786804, 'total_videos_generated': 1, 'peak_memory_usage_gb': 13.742027759552002, 'average_inference_time': np.float64(58.3053617477417), 'total_inference_time': 58.3053617477417, 'current_memory_allocated_gb': 13.742027759552002, 'current_memory_reserved_gb': 24.41796875, 'device_name': 'NVIDIA A40'}
2025-10-31 08:17:38,180 - INFO - ============================================================
2025-10-31 08:42:03,200 - INFO - Using GPU device 0: NVIDIA A40
2025-10-31 08:42:03,201 - INFO - GPU Total Memory: 44.42 GB
2025-10-31 08:42:03,201 - INFO - GPU Memory Allocated: 0.00 MB
2025-10-31 08:42:03,201 - INFO - GPU Memory Reserved: 0.00 MB
2025-10-31 08:43:06,142 - INFO - [After loading text encoder] GPU Memory - Allocated: 10.58 GB, Reserved: 10.58 GB, Free: 33.84 GB
2025-10-31 08:43:08,221 - INFO - [After loading VAE] GPU Memory - Allocated: 11.08 GB, Reserved: 11.08 GB, Free: 33.35 GB
2025-10-31 08:43:48,658 - INFO - [After loading transformer] GPU Memory - Allocated: 13.73 GB, Reserved: 13.96 GB, Free: 30.69 GB
2025-10-31 08:43:49,544 - INFO - [After initializing pipeline] GPU Memory - Allocated: 13.73 GB, Reserved: 13.96 GB, Free: 30.69 GB
2025-10-31 08:43:49,544 - INFO - Model initialization completed in 106.39 seconds
2025-10-31 08:43:49,545 - INFO - Starting video generation for prompt: 韩兄,你难道击杀了那头薛灵?荆族女子深吸了一口气,缓缓问道,归星男子也目光阴沉望着韩丽,有些惊疑不定。怎么,在下击杀这东西,让二位倒有这么难以置信吗?当然不是,只是韩兄神通未免太大,这么快就击杀此物,...
2025-10-31 08:43:49,545 - INFO - Video parameters - Duration: 20.0s, FPS: 16, Frames: 320
2025-10-31 08:43:49,546 - INFO - [Before inference] GPU Memory - Allocated: 13.73 GB, Reserved: 13.96 GB, Free: 30.69 GB
2025-10-31 08:43:49,546 - WARNING - pynvml not available, GPU utilization monitoring disabled
2025-10-31 09:46:30,352 - INFO - [After inference] GPU Memory - Allocated: 13.83 GB, Reserved: 27.66 GB, Free: 30.60 GB
2025-10-31 09:46:30,355 - WARNING - pynvml not available, GPU utilization monitoring disabled
2025-10-31 09:46:30,355 - INFO - Video generation completed in 3760.81 seconds
2025-10-31 09:46:30,355 - INFO - Saving video with FPS: 16
2025-10-31 09:46:30,355 - INFO - Output type: <class 'numpy.ndarray'>
2025-10-31 09:46:30,355 - INFO - Output shape: (1, 321, 480, 832, 3), dtype: float32
2025-10-31 09:46:30,356 - INFO - Extracted video_frames shape: (321, 480, 832, 3)
2025-10-31 09:46:32,880 - INFO - ============================================================
2025-10-31 09:46:32,880 - INFO - MODEL USAGE STATISTICS
2025-10-31 09:46:32,880 - INFO - Stats: {'initialization_time': 106.38673424720764, 'total_videos_generated': 1, 'peak_memory_usage_gb': 13.826548099517822, 'average_inference_time': np.float64(3760.806128501892), 'total_inference_time': 3760.806128501892, 'current_memory_allocated_gb': 13.826548099517822, 'current_memory_reserved_gb': 27.662109375, 'device_name': 'NVIDIA A40'}
2025-10-31 09:46:32,880 - INFO - ============================================================
